<?xml version="1.0" encoding="UTF-8"?>
<testng-results ignored="4" total="7" passed="2" failed="1" skipped="0">
  <reporter-output>
  </reporter-output>
  <suite started-at="2022-06-25T00:59:23 EDT" name="DSAlgoProject" finished-at="2022-06-25T00:59:29 EDT" duration-ms="5518">
    <groups>
    </groups>
    <test started-at="2022-06-25T00:59:23 EDT" name="getstarted" finished-at="2022-06-25T00:59:29 EDT" duration-ms="5518">
      <class name="com.DSAlgo.Testcases.HomePageTest">
        <test-method signature="SignInTest()[pri:2, instance:com.DSAlgo.Testcases.HomePageTest@62ddbd7e]" started-at="2022-06-25T00:59:27 EDT" name="SignInTest" finished-at="2022-06-25T00:59:27 EDT" duration-ms="200" status="PASS">
          <reporter-output>
          </reporter-output>
        </test-method> <!-- SignInTest -->
        <test-method is-config="true" signature="tearDownMethod(org.testng.ITestResult)[pri:0, instance:com.DSAlgo.Testcases.HomePageTest@62ddbd7e]" started-at="2022-06-25T00:59:27 EDT" name="tearDownMethod" finished-at="2022-06-25T00:59:28 EDT" duration-ms="291" status="PASS">
          <params>
            <param index="0">
              <value>
                <![CDATA[[TestResult name=SignInTest status=SUCCESS method=HomePageTest.SignInTest()[pri:2, instance:com.DSAlgo.Testcases.HomePageTest@62ddbd7e] output={null}]]]>
              </value>
            </param>
          </params>
          <reporter-output>
          </reporter-output>
        </test-method> <!-- tearDownMethod -->
      </class> <!-- com.DSAlgo.Testcases.HomePageTest -->
      <class name="com.DSAlgo.Testcases.LoginTestcase_Tc">
        <test-method signature="SigninPage()[pri:3, instance:com.DSAlgo.Testcases.LoginTestcase_Tc@74e52ef6]" started-at="2022-06-25T00:59:28 EDT" name="SigninPage" finished-at="2022-06-25T00:59:28 EDT" duration-ms="265" status="FAIL">
          <exception class="java.lang.NullPointerException">
            <message>
              <![CDATA[Cannot invoke "org.openqa.selenium.WebDriver.manage()" because "this.driver" is null]]>
            </message>
            <full-stacktrace>
              <![CDATA[java.lang.NullPointerException: Cannot invoke "org.openqa.selenium.WebDriver.manage()" because "this.driver" is null
at com.DSAlgo.Testcases.LoginTestcase_Tc.SigninPage(LoginTestcase_Tc.java:28)
at java.base/jdk.internal.reflect.NativeMethodAccessorImpl.invoke0(Native Method)
at java.base/jdk.internal.reflect.NativeMethodAccessorImpl.invoke(NativeMethodAccessorImpl.java:62)
at java.base/jdk.internal.reflect.DelegatingMethodAccessorImpl.invoke(DelegatingMethodAccessorImpl.java:43)
at java.base/java.lang.reflect.Method.invoke(Method.java:564)
at org.testng.internal.invokers.MethodInvocationHelper.invokeMethod(MethodInvocationHelper.java:139)
at org.testng.internal.invokers.TestInvoker.invokeMethod(TestInvoker.java:677)
at org.testng.internal.invokers.TestInvoker.invokeTestMethod(TestInvoker.java:221)
at org.testng.internal.invokers.MethodRunner.runInSequence(MethodRunner.java:50)
at org.testng.internal.invokers.TestInvoker$MethodInvocationAgent.invoke(TestInvoker.java:962)
at org.testng.internal.invokers.TestInvoker.invokeTestMethods(TestInvoker.java:194)
at org.testng.internal.invokers.TestMethodWorker.invokeTestMethods(TestMethodWorker.java:148)
at org.testng.internal.invokers.TestMethodWorker.run(TestMethodWorker.java:128)
at java.base/java.util.ArrayList.forEach(ArrayList.java:1511)
at org.testng.TestRunner.privateRun(TestRunner.java:806)
at org.testng.TestRunner.run(TestRunner.java:601)
at org.testng.SuiteRunner.runTest(SuiteRunner.java:433)
at org.testng.SuiteRunner.runSequentially(SuiteRunner.java:427)
at org.testng.SuiteRunner.privateRun(SuiteRunner.java:387)
at org.testng.SuiteRunner.run(SuiteRunner.java:330)
at org.testng.SuiteRunnerWorker.runSuite(SuiteRunnerWorker.java:52)
at org.testng.SuiteRunnerWorker.run(SuiteRunnerWorker.java:95)
at org.testng.TestNG.runSuitesSequentially(TestNG.java:1256)
at org.testng.TestNG.runSuitesLocally(TestNG.java:1176)
at org.testng.TestNG.runSuites(TestNG.java:1099)
at org.testng.TestNG.run(TestNG.java:1067)
at org.testng.remote.AbstractRemoteTestNG.run(AbstractRemoteTestNG.java:115)
at org.testng.remote.RemoteTestNG.initAndRun(RemoteTestNG.java:251)
at org.testng.remote.RemoteTestNG.main(RemoteTestNG.java:77)
]]>
            </full-stacktrace>
          </exception> <!-- java.lang.NullPointerException -->
          <reporter-output>
          </reporter-output>
        </test-method> <!-- SigninPage -->
        <test-method is-config="true" signature="tearDownMethod(org.testng.ITestResult)[pri:0, instance:com.DSAlgo.Testcases.LoginTestcase_Tc@74e52ef6]" started-at="2022-06-25T00:59:28 EDT" name="tearDownMethod" finished-at="2022-06-25T00:59:28 EDT" duration-ms="134" status="PASS">
          <params>
            <param index="0">
              <value>
                <![CDATA[[TestResult name=SigninPage status=FAILURE method=LoginTestcase_Tc.SigninPage()[pri:3, instance:com.DSAlgo.Testcases.LoginTestcase_Tc@74e52ef6] output={null}]]]>
              </value>
            </param>
          </params>
          <reporter-output>
          </reporter-output>
        </test-method> <!-- tearDownMethod -->
      </class> <!-- com.DSAlgo.Testcases.LoginTestcase_Tc -->
      <class name="com.DSAlgo.Testcases.GetStartedPageTest">
        <test-method is-config="true" signature="Startbrowser(java.lang.String)[pri:0, instance:com.DSAlgo.Testcases.GetStartedPageTest@1e800aaa]" started-at="2022-06-25T00:59:23 EDT" name="Startbrowser" finished-at="2022-06-25T00:59:26 EDT" duration-ms="3182" status="PASS">
          <params>
            <param index="0">
              <value>
                <![CDATA[chrome]]>
              </value>
            </param>
          </params>
          <reporter-output>
          </reporter-output>
        </test-method> <!-- Startbrowser -->
        <test-method signature="getstarted()[pri:1, instance:com.DSAlgo.Testcases.GetStartedPageTest@1e800aaa]" started-at="2022-06-25T00:59:26 EDT" name="getstarted" finished-at="2022-06-25T00:59:27 EDT" duration-ms="439" status="PASS">
          <reporter-output>
          </reporter-output>
        </test-method> <!-- getstarted -->
        <test-method is-config="true" signature="tearDownMethod(org.testng.ITestResult)[pri:0, instance:com.DSAlgo.Testcases.GetStartedPageTest@1e800aaa]" started-at="2022-06-25T00:59:27 EDT" name="tearDownMethod" finished-at="2022-06-25T00:59:27 EDT" duration-ms="244" status="PASS">
          <params>
            <param index="0">
              <value>
                <![CDATA[[TestResult name=getstarted status=SUCCESS method=GetStartedPageTest.getstarted()[pri:1, instance:com.DSAlgo.Testcases.GetStartedPageTest@1e800aaa] output={null}]]]>
              </value>
            </param>
          </params>
          <reporter-output>
          </reporter-output>
        </test-method> <!-- tearDownMethod -->
        <test-method is-config="true" signature="teardown()[pri:0, instance:com.DSAlgo.Testcases.GetStartedPageTest@1e800aaa]" started-at="2022-06-25T00:59:28 EDT" name="teardown" finished-at="2022-06-25T00:59:29 EDT" duration-ms="709" status="PASS">
          <reporter-output>
          </reporter-output>
        </test-method> <!-- teardown -->
      </class> <!-- com.DSAlgo.Testcases.GetStartedPageTest -->
    </test> <!-- getstarted -->
  </suite> <!-- DSAlgoProject -->
</testng-results>
